<?xml version="1.0" encoding="utf-8"?><testsuites name="pytest tests"><testsuite name="pytest" errors="0" failures="0" skipped="0" tests="9" time="4.738" timestamp="2026-07-17T06:23:53.472275+00:00" hostname="agent-env-f69dd2a6-ec67-44eb-b700-b043c2f69cee"><testcase classname="backend.tests.test_fii_fix.TestFiiEndpoint" name="test_fii_returns_200" time="3.811" /><testcase classname="backend.tests.test_fii_fix.TestFiiEndpoint" name="test_fii_source_is_nse_fo_archive" time="0.115" /><testcase classname="backend.tests.test_fii_fix.TestFiiEndpoint" name="test_fii_buy_sell_net_are_contracts_not_crores" time="0.141" /><testcase classname="backend.tests.test_fii_fix.TestFiiEndpoint" name="test_fii_history_has_3_entries" time="0.103" /><testcase classname="backend.tests.test_fii_fix.TestFiiEndpoint" name="test_fii_history_entries_have_correct_structure" time="0.098" /><testcase classname="backend.tests.test_fii_fix.TestFiiEndpoint" name="test_fii_history_values_are_contracts_not_crores" time="0.105" /><testcase classname="backend.tests.test_fii_fix.TestFiiEndpoint" name="test_fii_net_badge_format_is_not_crore_value" time="0.099" /><testcase classname="backend.tests.test_fii_fix.TestFiiEndpoint" name="test_fii_classification_action_is_valid" time="0.132" /><testcase classname="backend.tests.test_fii_fix.TestFiiEndpoint" name="test_fii_dii_present" time="0.100" /></testsuite></testsuites>