<?xml version="1.0" encoding="utf-8"?><testsuites name="pytest tests"><testsuite name="pytest" errors="0" failures="0" skipped="0" tests="11" time="85.703" timestamp="2026-08-28T14:07:36.369999+00:00" hostname="agent-env-6d07453f-19d6-4fb9-ba2d-ec5ef9d8024b"><testcase classname="backend.tests.test_gap_prediction_nextday.TestGapPredictionEndpoint" name="test_gap_prediction_returns_200" time="24.258" /><testcase classname="backend.tests.test_gap_prediction_nextday.TestGapPredictionEndpoint" name="test_gap_prediction_has_required_fields" time="30.216" /><testcase classname="backend.tests.test_gap_prediction_nextday.TestGapPredictionEndpoint" name="test_prediction_for_is_not_a_weekend" time="0.249" /><testcase classname="backend.tests.test_gap_prediction_nextday.TestGapPredictionEndpoint" name="test_prediction_for_format_when_market_closed" time="30.296" /><testcase classname="backend.tests.test_gap_prediction_nextday.TestGapPredictionEndpoint" name="test_friday_post_close_returns_monday" time="0.191" /><testcase classname="backend.tests.test_gap_prediction_nextday.TestGapPredictionEndpoint" name="test_prediction_for_not_same_as_today_when_after_close" time="0.134" /><testcase classname="backend.tests.test_gap_prediction_nextday.TestGapPredictionEndpoint" name="test_market_status_consistency" time="0.127" /><testcase classname="backend.tests.test_gap_prediction_nextday.TestGapPredictionEndpoint" name="test_prediction_field_structure" time="0.177" /><testcase classname="backend.tests.test_gap_prediction_nextday.TestNextTradingDayLogic" name="test_next_trading_day_skips_saturday" time="0.000" /><testcase classname="backend.tests.test_gap_prediction_nextday.TestNextTradingDayLogic" name="test_next_trading_day_skips_sunday" time="0.000" /><testcase classname="backend.tests.test_gap_prediction_nextday.TestNextTradingDayLogic" name="test_next_trading_day_from_monday" time="0.000" /></testsuite></testsuites>