<?xml version="1.0" encoding="utf-8"?><testsuites name="pytest tests"><testsuite name="pytest" errors="0" failures="0" skipped="0" tests="14" time="9.520" timestamp="2026-07-17T03:51:02.867757+00:00" hostname="agent-env-f69dd2a6-ec67-44eb-b700-b043c2f69cee"><testcase classname="backend.tests.test_market_intel.TestMarketIntelAPI" name="test_market_intel_returns_200" time="7.819" /><testcase classname="backend.tests.test_market_intel.TestMarketIntelAPI" name="test_market_intel_has_brent_field" time="0.131" /><testcase classname="backend.tests.test_market_intel.TestMarketIntelAPI" name="test_market_intel_has_vix_field" time="0.146" /><testcase classname="backend.tests.test_market_intel.TestMarketIntelAPI" name="test_market_intel_has_nifty_field" time="0.138" /><testcase classname="backend.tests.test_market_intel.TestMarketIntelAPI" name="test_market_intel_has_expiry_field" time="0.148" /><testcase classname="backend.tests.test_market_intel.TestMarketIntelAPI" name="test_market_intel_has_scores_field" time="0.103" /><testcase classname="backend.tests.test_market_intel.TestMarketIntelAPI" name="test_market_intel_has_bias_fields" time="0.105" /><testcase classname="backend.tests.test_market_intel.TestMarketIntelAPI" name="test_market_intel_has_brent_change_fields" time="0.108" /><testcase classname="backend.tests.test_market_intel.TestMarketIntelAPI" name="test_market_intel_has_vix_change_fields" time="0.108" /><testcase classname="backend.tests.test_market_intel.TestMarketIntelAPI" name="test_market_intel_brent_price_format" time="0.104" /><testcase classname="backend.tests.test_market_intel.TestMarketIntelAPI" name="test_market_intel_cache_hit_speed" time="0.249" /><testcase classname="backend.tests.test_market_intel.TestMarketIntelAPI" name="test_market_intel_no_error_field" time="0.104" /><testcase classname="backend.tests.test_market_intel.TestMarketIntelAPI" name="test_market_intel_gift_nifty_fields" time="0.117" /><testcase classname="backend.tests.test_market_intel.TestMarketIntelAPI" name="test_market_intel_regulatory_field" time="0.098" /></testsuite></testsuites>