<?xml version="1.0" encoding="utf-8"?><testsuites name="pytest tests"><testsuite name="pytest" errors="0" failures="0" skipped="0" tests="6" time="12.393" timestamp="2026-08-01T11:11:10.246742+00:00" hostname="agent-env-00c8f5eb-91de-4766-9fc9-721dd0910fca"><testcase classname="backend.tests.test_strategy_builder.TestStrategyBuild" name="test_strategy_build_valid_prompt" time="11.761" /><testcase classname="backend.tests.test_strategy_builder.TestStrategyBuild" name="test_strategy_build_empty_prompt" time="0.167" /><testcase classname="backend.tests.test_strategy_builder.TestStrategyExecute" name="test_execute_valid_code" time="0.107" /><testcase classname="backend.tests.test_strategy_builder.TestStrategyExecute" name="test_execute_blocked_import_os" time="0.102" /><testcase classname="backend.tests.test_strategy_builder.TestStrategyExecute" name="test_execute_empty_code" time="0.127" /><testcase classname="backend.tests.test_strategy_builder.TestStrategyExecute" name="test_execute_no_bars" time="0.100" /></testsuite></testsuites>