<?xml version="1.0" encoding="utf-8"?><testsuites name="pytest tests"><testsuite name="pytest" errors="0" failures="0" skipped="0" tests="12" time="14.518" timestamp="2026-07-18T14:38:38.444235+00:00" hostname="agent-env-0135c0fb-69fe-4abf-9015-3fe5f0a94e9d"><testcase classname="backend.tests.test_pcr_market_intel.TestPCRInMarketIntel" name="test_market_intel_responds_within_25s" time="12.939" /><testcase classname="backend.tests.test_pcr_market_intel.TestPCRInMarketIntel" name="test_pcr_field_present_in_response" time="0.172" /><testcase classname="backend.tests.test_pcr_market_intel.TestPCRInMarketIntel" name="test_pcr_field_has_all_required_keys" time="0.156" /><testcase classname="backend.tests.test_pcr_market_intel.TestPCRInMarketIntel" name="test_pcr_signal_is_valid" time="0.144" /><testcase classname="backend.tests.test_pcr_market_intel.TestPCRInMarketIntel" name="test_pcr_signal_label_present_and_non_empty" time="0.164" /><testcase classname="backend.tests.test_pcr_market_intel.TestPCRInMarketIntel" name="test_pcr_signal_color_is_hex" time="0.095" /><testcase classname="backend.tests.test_pcr_market_intel.TestPCRInMarketIntel" name="test_pcr_unavailable_state_when_nse_blocked" time="0.104" /><testcase classname="backend.tests.test_pcr_market_intel.TestPCRInMarketIntel" name="test_pcr_history_field_present" time="0.107" /><testcase classname="backend.tests.test_pcr_market_intel.TestPCRInMarketIntel" name="test_pcr_price_action_field_present" time="0.137" /><testcase classname="backend.tests.test_pcr_market_intel.TestPCRInMarketIntel" name="test_pcr_caution_field_is_bool" time="0.132" /><testcase classname="backend.tests.test_pcr_market_intel.TestPCRInMarketIntel" name="test_pcr_source_field_is_string" time="0.097" /><testcase classname="backend.tests.test_pcr_market_intel.TestPCRInMarketIntel" name="test_api_second_call_uses_cache" time="0.231" /></testsuite></testsuites>