<?xml version="1.0" encoding="utf-8"?><testsuites name="pytest tests"><testsuite name="pytest" errors="0" failures="0" skipped="0" tests="9" time="9.613" timestamp="2026-08-26T15:33:58.991153+00:00" hostname="agent-env-42427db3-dc6e-44b8-b4be-6e8a12471064"><testcase classname="backend.tests.test_oi_indicator.TestOIIndicator" name="test_oi_endpoint_returns_200" time="7.314" /><testcase classname="backend.tests.test_oi_indicator.TestOIIndicator" name="test_oi_endpoint_response_structure" time="0.455" /><testcase classname="backend.tests.test_oi_indicator.TestOIIndicator" name="test_oi_endpoint_data_types" time="0.193" /><testcase classname="backend.tests.test_oi_indicator.TestOIIndicator" name="test_oi_endpoint_response_time" time="0.182" /><testcase classname="backend.tests.test_oi_indicator.TestOIIndicator" name="test_oi_endpoint_pcr_valid_range" time="0.229" /><testcase classname="backend.tests.test_oi_indicator.TestOIIndicator" name="test_oi_endpoint_signal_valid_value" time="0.193" /><testcase classname="backend.tests.test_oi_indicator.TestOIIndicator" name="test_oi_endpoint_top_strikes_structure" time="0.292" /><testcase classname="backend.tests.test_oi_indicator.TestOIIndicator" name="test_oi_endpoint_no_mongo_id_leak" time="0.255" /><testcase classname="backend.tests.test_oi_indicator.TestOIIndicator" name="test_oi_endpoint_caching_second_call_faster" time="0.455" /></testsuite></testsuites>