<?xml version="1.0" encoding="utf-8"?><testsuites name="pytest tests"><testsuite name="pytest" errors="0" failures="0" skipped="0" tests="21" time="2.859" timestamp="2026-07-24T12:25:35.054942+00:00" hostname="agent-env-aba1e8dd-41e2-4a21-a72c-e4f0113a54da"><testcase classname="backend.tests.test_breadth_feature.TestBreadthObject" name="test_breadth_key_present" time="2.820" /><testcase classname="backend.tests.test_breadth_feature.TestBreadthObject" name="test_breadth_is_dict" time="0.000" /><testcase classname="backend.tests.test_breadth_feature.TestBreadthObject" name="test_breadth_has_advances" time="0.000" /><testcase classname="backend.tests.test_breadth_feature.TestBreadthObject" name="test_breadth_has_declines" time="0.000" /><testcase classname="backend.tests.test_breadth_feature.TestBreadthObject" name="test_breadth_has_total" time="0.000" /><testcase classname="backend.tests.test_breadth_feature.TestBreadthObject" name="test_breadth_has_signal" time="0.000" /><testcase classname="backend.tests.test_breadth_feature.TestBreadthObject" name="test_breadth_has_signal_label" time="0.000" /><testcase classname="backend.tests.test_breadth_feature.TestBreadthObject" name="test_breadth_has_impact_label" time="0.000" /><testcase classname="backend.tests.test_breadth_feature.TestBreadthObject" name="test_breadth_signal_is_valid_value" time="0.000" /><testcase classname="backend.tests.test_breadth_feature.TestBreadthObject" name="test_breadth_data_consistency" time="0.000" /><testcase classname="backend.tests.test_breadth_feature.TestBreadthObject" name="test_breadth_advances_in_valid_range" time="0.000" /><testcase classname="backend.tests.test_breadth_feature.TestBreadthObject" name="test_breadth_declines_in_valid_range" time="0.000" /><testcase classname="backend.tests.test_breadth_feature.TestBreadthObject" name="test_breadth_signal_matches_advances" time="0.000" /><testcase classname="backend.tests.test_breadth_feature.TestMatrixBreadthRef" name="test_matrix_key_present" time="0.000" /><testcase classname="backend.tests.test_breadth_feature.TestMatrixBreadthRef" name="test_matrix_is_list_of_5" time="0.000" /><testcase classname="backend.tests.test_breadth_feature.TestMatrixBreadthRef" name="test_matrix_rows_have_breadth_ref" time="0.000" /><testcase classname="backend.tests.test_breadth_feature.TestMatrixBreadthRef" name="test_matrix_breadth_ref_values" time="0.000" /><testcase classname="backend.tests.test_breadth_feature.TestMatrixBreadthRef" name="test_matrix_strong_bull_has_28plus" time="0.000" /><testcase classname="backend.tests.test_breadth_feature.TestMatrixBreadthRef" name="test_matrix_strong_bear_has_lt12" time="0.000" /><testcase classname="backend.tests.test_breadth_feature.TestBrentRegression" name="test_brent_non_zero" time="0.000" /><testcase classname="backend.tests.test_breadth_feature.TestBrentRegression" name="test_brent_reasonable_range" time="0.000" /></testsuite></testsuites>