<?xml version="1.0" encoding="utf-8"?><testsuites name="pytest tests"><testsuite name="pytest" errors="0" failures="0" skipped="0" tests="13" time="4.781" timestamp="2026-07-17T16:32:34.235227+00:00" hostname="agent-env-0135c0fb-69fe-4abf-9015-3fe5f0a94e9d"><testcase classname="backend.tests.test_crypto_chart_timeframe.TestCryptoChartIntervalFix" name="test_crypto_chart_default_no_interval" time="0.246" /><testcase classname="backend.tests.test_crypto_chart_timeframe.TestCryptoChartIntervalFix" name="test_crypto_chart_bitcoin_5min" time="0.345" /><testcase classname="backend.tests.test_crypto_chart_timeframe.TestCryptoChartIntervalFix" name="test_crypto_chart_bitcoin_1hour" time="0.114" /><testcase classname="backend.tests.test_crypto_chart_timeframe.TestCryptoChartIntervalFix" name="test_crypto_chart_bitcoin_1day" time="0.236" /><testcase classname="backend.tests.test_crypto_chart_timeframe.TestCryptoChartIntervalFix" name="test_different_intervals_produce_different_bar_counts" time="2.035" /><testcase classname="backend.tests.test_crypto_chart_timeframe.TestCryptoChartIntervalFix" name="test_crypto_chart_bitcoin_5min_bar_count" time="0.124" /><testcase classname="backend.tests.test_crypto_chart_timeframe.TestCryptoChartIntervalFix" name="test_crypto_chart_bitcoin_15min" time="0.359" /><testcase classname="backend.tests.test_crypto_chart_timeframe.TestCryptoChartIntervalFix" name="test_crypto_chart_bitcoin_30min" time="0.292" /><testcase classname="backend.tests.test_crypto_chart_timeframe.TestCryptoChartIntervalFix" name="test_crypto_chart_bitcoin_4hour" time="0.294" /><testcase classname="backend.tests.test_crypto_chart_timeframe.TestCryptoChartIntervalFix" name="test_crypto_chart_ethereum_1hour" time="0.134" /><testcase classname="backend.tests.test_crypto_chart_timeframe.TestCryptoChartIntervalFix" name="test_crypto_chart_invalid_coin_returns_404" time="0.116" /><testcase classname="backend.tests.test_crypto_chart_timeframe.TestCryptoChartIntervalFix" name="test_crypto_chart_1min_no_zerodivision" time="0.326" /><testcase classname="backend.tests.test_crypto_chart_timeframe.TestCryptoChartIntervalFix" name="test_crypto_chart_response_contains_interval_field" time="0.121" /></testsuite></testsuites>