<?xml version="1.0" encoding="utf-8"?><testsuites name="pytest tests"><testsuite name="pytest" errors="0" failures="0" skipped="0" tests="22" time="2.276" timestamp="2026-07-24T12:00:07.471547+00:00" hostname="agent-env-aba1e8dd-41e2-4a21-a72c-e4f0113a54da"><testcase classname="backend.tests.test_brent_fix.TestBrentFields" name="test_brent_price_non_zero" time="2.097" /><testcase classname="backend.tests.test_brent_fix.TestBrentFields" name="test_brent_price_reasonable_range" time="0.000" /><testcase classname="backend.tests.test_brent_fix.TestBrentFields" name="test_brent_chg_pct_present_and_not_nan" time="0.000" /><testcase classname="backend.tests.test_brent_fix.TestBrentFields" name="test_brent_chg_pct_reasonable_range" time="0.000" /><testcase classname="backend.tests.test_brent_fix.TestBrentFields" name="test_brent_chg_week_present" time="0.000" /><testcase classname="backend.tests.test_brent_fix.TestBrentFields" name="test_brent_chg_week_not_nan" time="0.000" /><testcase classname="backend.tests.test_brent_fix.TestBrentFields" name="test_brent_chg_month_present" time="0.000" /><testcase classname="backend.tests.test_brent_fix.TestBrentFields" name="test_brent_chg_month_not_nan" time="0.000" /><testcase classname="backend.tests.test_brent_fix.TestOtherMarketData" name="test_vix_present_and_positive" time="0.000" /><testcase classname="backend.tests.test_brent_fix.TestOtherMarketData" name="test_vix_chg_pct_present" time="0.000" /><testcase classname="backend.tests.test_brent_fix.TestOtherMarketData" name="test_nifty_present_and_realistic" time="0.000" /><testcase classname="backend.tests.test_brent_fix.TestOtherMarketData" name="test_nifty_chg_pct_present" time="0.000" /><testcase classname="backend.tests.test_brent_fix.TestOtherMarketData" name="test_gift_nifty_present_and_realistic" time="0.000" /><testcase classname="backend.tests.test_brent_fix.TestOtherMarketData" name="test_gift_premium_present" time="0.000" /><testcase classname="backend.tests.test_brent_fix.TestOtherMarketData" name="test_pcr_field_present" time="0.000" /><testcase classname="backend.tests.test_brent_fix.TestOtherMarketData" name="test_pcr_has_signal" time="0.000" /><testcase classname="backend.tests.test_brent_fix.TestOtherMarketData" name="test_vix_chg_week_present" time="0.000" /><testcase classname="backend.tests.test_brent_fix.TestOtherMarketData" name="test_vix_chg_month_present" time="0.000" /><testcase classname="backend.tests.test_brent_fix.TestResponseStructure" name="test_api_status_200" time="0.136" /><testcase classname="backend.tests.test_brent_fix.TestResponseStructure" name="test_bias_field_present" time="0.000" /><testcase classname="backend.tests.test_brent_fix.TestResponseStructure" name="test_bias_valid_value" time="0.000" /><testcase classname="backend.tests.test_brent_fix.TestResponseStructure" name="test_updated_at_present" time="0.000" /></testsuite></testsuites>