<?xml version="1.0" encoding="utf-8"?><testsuites name="pytest tests"><testsuite name="pytest" errors="0" failures="0" skipped="0" tests="28" time="20.802" timestamp="2026-08-26T15:59:05.901976+00:00" hostname="agent-env-42427db3-dc6e-44b8-b4be-6e8a12471064"><testcase classname="backend.tests.test_rej_12factor.TestNiftyOptionFlow" name="test_status_200" time="17.412" /><testcase classname="backend.tests.test_rej_12factor.TestNiftyOptionFlow" name="test_has_call_buy_and_put_buy" time="0.747" /><testcase classname="backend.tests.test_rej_12factor.TestNiftyOptionFlow" name="test_call_buy_score_structure" time="0.000" /><testcase classname="backend.tests.test_rej_12factor.TestNiftyOptionFlow" name="test_call_buy_has_12_criteria" time="0.000" /><testcase classname="backend.tests.test_rej_12factor.TestNiftyOptionFlow" name="test_call_buy_criteria_keys" time="0.000" /><testcase classname="backend.tests.test_rej_12factor.TestNiftyOptionFlow" name="test_call_buy_criteria_structure" time="0.000" /><testcase classname="backend.tests.test_rej_12factor.TestNiftyOptionFlow" name="test_put_buy_has_12_criteria" time="0.000" /><testcase classname="backend.tests.test_rej_12factor.TestNiftyOptionFlow" name="test_put_buy_criteria_keys" time="0.000" /><testcase classname="backend.tests.test_rej_12factor.TestNiftyOptionFlow" name="test_put_buy_score_range" time="0.000" /><testcase classname="backend.tests.test_rej_12factor.TestNiftyOptionFlow" name="test_call_buy_score_range" time="0.000" /><testcase classname="backend.tests.test_rej_12factor.TestNiftyOptionFlow" name="test_recommended_field" time="0.000" /><testcase classname="backend.tests.test_rej_12factor.TestNiftyOptionFlow" name="test_mandatory_criteria_present" time="0.000" /><testcase classname="backend.tests.test_rej_12factor.TestNiftyOptionFlow" name="test_high_criteria_weights" time="0.000" /><testcase classname="backend.tests.test_rej_12factor.TestNiftyOptionFlow" name="test_score_matches_pass_count" time="0.000" /><testcase classname="backend.tests.test_rej_12factor.TestNiftyOptionFlow" name="test_iv_and_vol_fields_present" time="0.000" /><testcase classname="backend.tests.test_rej_12factor.TestSensexOptionFlow" name="test_status_200" time="1.830" /><testcase classname="backend.tests.test_rej_12factor.TestSensexOptionFlow" name="test_has_call_buy_and_put_buy" time="0.762" /><testcase classname="backend.tests.test_rej_12factor.TestSensexOptionFlow" name="test_call_buy_has_12_criteria" time="0.000" /><testcase classname="backend.tests.test_rej_12factor.TestSensexOptionFlow" name="test_put_buy_has_12_criteria" time="0.000" /><testcase classname="backend.tests.test_rej_12factor.TestSensexOptionFlow" name="test_sensex_call_criteria_keys" time="0.000" /><testcase classname="backend.tests.test_rej_12factor.TestSensexOptionFlow" name="test_sensex_put_criteria_keys" time="0.000" /><testcase classname="backend.tests.test_rej_12factor.TestSensexOptionFlow" name="test_sensex_criteria_structure" time="0.000" /><testcase classname="backend.tests.test_rej_12factor.TestSensexOptionFlow" name="test_sensex_score_range" time="0.000" /><testcase classname="backend.tests.test_rej_12factor.TestSensexOptionFlow" name="test_sensex_recommended_logic" time="0.000" /><testcase classname="backend.tests.test_rej_12factor.TestSensexOptionFlow" name="test_sensex_score_matches_pass_count" time="0.000" /><testcase classname="backend.tests.test_rej_12factor.TestSensexOptionFlow" name="test_sensex_iv_vol_fields" time="0.000" /><testcase classname="backend.tests.test_rej_12factor.TestSensexOptionFlow" name="test_sensex_oi_fields" time="0.000" /><testcase classname="backend.tests.test_rej_12factor.TestSensexOptionFlow" name="test_sensex_mandatory_criteria" time="0.000" /></testsuite></testsuites>