<?xml version="1.0" encoding="utf-8"?><testsuites name="pytest tests"><testsuite name="pytest" errors="0" failures="0" skipped="0" tests="25" time="5.609" timestamp="2026-08-26T16:34:38.180084+00:00" hostname="agent-env-42427db3-dc6e-44b8-b4be-6e8a12471064"><testcase classname="backend.tests.test_market_closed_feedback.TestClosingPredictionMarketClosed" name="test_endpoint_returns_200" time="0.677" /><testcase classname="backend.tests.test_market_closed_feedback.TestClosingPredictionMarketClosed" name="test_response_structure_top_level" time="0.255" /><testcase classname="backend.tests.test_market_closed_feedback.TestClosingPredictionMarketClosed" name="test_available_is_true" time="0.393" /><testcase classname="backend.tests.test_market_closed_feedback.TestClosingPredictionMarketClosed" name="test_is_market_closed_true_outside_hours" time="0.125" /><testcase classname="backend.tests.test_market_closed_feedback.TestClosingPredictionMarketClosed" name="test_is_market_hours_false_outside_hours" time="0.240" /><testcase classname="backend.tests.test_market_closed_feedback.TestClosingPredictionMarketClosed" name="test_is_closing_window_false_outside_hours" time="0.191" /><testcase classname="backend.tests.test_market_closed_feedback.TestClosingPredictionMarketClosed" name="test_market_feedback_present_when_market_closed" time="0.261" /><testcase classname="backend.tests.test_market_closed_feedback.TestClosingPredictionMarketClosed" name="test_market_feedback_all_required_fields" time="0.183" /><testcase classname="backend.tests.test_market_closed_feedback.TestClosingPredictionMarketClosed" name="test_market_feedback_actual_values" time="0.262" /><testcase classname="backend.tests.test_market_closed_feedback.TestClosingPredictionMarketClosed" name="test_market_feedback_accuracy_partial" time="0.199" /><testcase classname="backend.tests.test_market_closed_feedback.TestClosingPredictionMarketClosed" name="test_market_feedback_verdict_icon" time="0.161" /><testcase classname="backend.tests.test_market_closed_feedback.TestClosingPredictionMarketClosed" name="test_market_feedback_verdict_color" time="0.168" /><testcase classname="backend.tests.test_market_closed_feedback.TestClosingPredictionMarketClosed" name="test_market_feedback_predicted_signal_is_string" time="0.328" /><testcase classname="backend.tests.test_market_closed_feedback.TestClosingPredictionMarketClosed" name="test_market_feedback_score_at_close_is_integer" time="0.184" /><testcase classname="backend.tests.test_market_closed_feedback.TestClosingPredictionMarketClosed" name="test_market_feedback_day_high_low" time="0.185" /><testcase classname="backend.tests.test_market_closed_feedback.TestClosingPredictionMarketClosed" name="test_market_feedback_actual_range_computed" time="0.178" /><testcase classname="backend.tests.test_market_closed_feedback.TestClosingPredictionMarketClosed" name="test_market_feedback_actual_pct_negative" time="0.186" /><testcase classname="backend.tests.test_market_closed_feedback.TestClosingPredictionMarketClosed" name="test_market_feedback_verdict_text_contains_actual_move" time="0.169" /><testcase classname="backend.tests.test_market_closed_feedback.TestClosingPredictionMarketClosed" name="test_factors_list_has_5_items" time="0.194" /><testcase classname="backend.tests.test_market_closed_feedback.TestClosingPredictionMarketClosed" name="test_factors_each_has_required_keys" time="0.127" /><testcase classname="backend.tests.test_market_closed_feedback.TestClosingPredictionMarketClosed" name="test_decision_object_structure" time="0.144" /><testcase classname="backend.tests.test_market_closed_feedback.TestClosingPredictionMarketClosed" name="test_decision_matches_total_score" time="0.150" /><testcase classname="backend.tests.test_market_closed_feedback.TestClosingPredictionMarketClosed" name="test_session_note_contains_market_closed" time="0.159" /><testcase classname="backend.tests.test_market_closed_feedback.TestClosingPredictionMarketClosed" name="test_updated_at_is_valid_iso_string" time="0.261" /><testcase classname="backend.tests.test_market_closed_feedback.TestClosingPredictionMarketClosed" name="test_curr_price_matches_actual_close" time="0.180" /></testsuite></testsuites>