<?xml version="1.0" encoding="utf-8"?><testsuites name="pytest tests"><testsuite name="pytest" errors="0" failures="0" skipped="0" tests="17" time="36.730" timestamp="2026-08-25T18:22:26.104327+00:00" hostname="agent-env-e7ef8f91-e439-42fb-ac88-899dc08f65d4"><testcase classname="backend.tests.test_insider_trading.TestInsiderDetections" name="test_detections_endpoint_returns_200" time="12.293" /><testcase classname="backend.tests.test_insider_trading.TestInsiderDetections" name="test_detections_response_has_required_fields" time="0.243" /><testcase classname="backend.tests.test_insider_trading.TestInsiderDetections" name="test_detections_count_is_positive" time="0.184" /><testcase classname="backend.tests.test_insider_trading.TestInsiderDetections" name="test_detections_array_items_have_required_fields" time="0.183" /><testcase classname="backend.tests.test_insider_trading.TestInsiderDetections" name="test_priority_assignment_logic" time="0.175" /><testcase classname="backend.tests.test_insider_trading.TestInsiderDetections" name="test_detections_count_matches_detections_array_length" time="0.189" /><testcase classname="backend.tests.test_insider_trading.TestInsiderDetections" name="test_detections_from_history_is_boolean" time="0.150" /><testcase classname="backend.tests.test_insider_trading.TestInsiderDetections" name="test_mongodb_persistence_second_call_works" time="1.397" /><testcase classname="backend.tests.test_insider_trading.TestInsiderDetections" name="test_refresh_param_works" time="12.738" /><testcase classname="backend.tests.test_insider_trading.TestInsiderDetections" name="test_source_field_is_non_empty_string" time="0.195" /><testcase classname="backend.tests.test_insider_trading.TestPatternScan" name="test_pattern_scan_returns_200" time="0.735" /><testcase classname="backend.tests.test_insider_trading.TestPatternScan" name="test_pattern_scan_response_structure" time="0.886" /><testcase classname="backend.tests.test_insider_trading.TestPatternScan" name="test_pattern_scan_results_is_array" time="0.814" /><testcase classname="backend.tests.test_insider_trading.TestPatternScan" name="test_pattern_scan_with_specific_symbols" time="0.861" /><testcase classname="backend.tests.test_insider_trading.TestPatternScan" name="test_pattern_items_have_required_fields" time="0.813" /><testcase classname="backend.tests.test_insider_trading.TestPatternScan" name="test_pattern_scan_count_matches_results_length" time="0.889" /><testcase classname="backend.tests.test_insider_trading.TestPatternScan" name="test_pattern_scan_no_symbols_full_universe" time="3.934" /></testsuite></testsuites>