<?xml version="1.0" encoding="utf-8"?><testsuites name="pytest tests"><testsuite name="pytest" errors="0" failures="0" skipped="0" tests="13" time="34.320" timestamp="2026-08-25T18:45:38.511661+00:00" hostname="agent-env-e7ef8f91-e439-42fb-ac88-899dc08f65d4"><testcase classname="backend.tests.test_new_features_iter43.TestSensexOptionFlowOI" name="test_sensex_option_flow_returns_200" time="1.722" /><testcase classname="backend.tests.test_new_features_iter43.TestSensexOptionFlowOI" name="test_sensex_option_flow_has_oi_fields" time="5.302" /><testcase classname="backend.tests.test_new_features_iter43.TestSensexOptionFlowOI" name="test_sensex_option_flow_oi_values_non_negative" time="0.621" /><testcase classname="backend.tests.test_new_features_iter43.TestSensexOptionFlowOI" name="test_sensex_option_flow_has_required_structure" time="0.555" /><testcase classname="backend.tests.test_new_features_iter43.TestSensexOptionFlowOI" name="test_sensex_option_flow_is_real_oi_false_fallback" time="0.641" /><testcase classname="backend.tests.test_new_features_iter43.TestSensexOptionFlowOI" name="test_sensex_option_flow_pcr_oi_computation" time="0.634" /><testcase classname="backend.tests.test_new_features_iter43.TestPatternScan5Stock" name="test_pattern_scan_5_stock_sample_returns_200" time="5.980" /><testcase classname="backend.tests.test_new_features_iter43.TestPatternScan5Stock" name="test_pattern_scan_5_stock_count_positive" time="1.932" /><testcase classname="backend.tests.test_new_features_iter43.TestPatternScan5Stock" name="test_pattern_scan_reliance_hdfcbank_returns_200" time="0.770" /><testcase classname="backend.tests.test_new_features_iter43.TestPatternScan5Stock" name="test_pattern_scan_scanned_stocks_count_correct" time="5.791" /><testcase classname="backend.tests.test_new_features_iter43.TestPatternScan5Stock" name="test_pattern_items_structure" time="5.746" /><testcase classname="backend.tests.test_new_features_iter43.TestInsiderDetectionsWithBulkDeals" name="test_detections_returns_count_positive" time="4.467" /><testcase classname="backend.tests.test_new_features_iter43.TestInsiderDetectionsWithBulkDeals" name="test_detections_source_field_indicates_origin" time="0.135" /></testsuite></testsuites>