<?xml version="1.0" encoding="utf-8"?><testsuites name="pytest tests"><testsuite name="pytest" errors="0" failures="0" skipped="0" tests="25" time="2.516" timestamp="2026-07-24T13:03:33.303508+00:00" hostname="agent-env-aba1e8dd-41e2-4a21-a72c-e4f0113a54da"><testcase classname="backend.tests.test_fii_feature.TestFiiEndpointStatus" name="test_fii_endpoint_returns_200" time="0.662" /><testcase classname="backend.tests.test_fii_feature.TestFiiEndpointStatus" name="test_fii_response_is_json" time="0.451" /><testcase classname="backend.tests.test_fii_feature.TestFiiDataForDate" name="test_data_for_date_key_exists" time="0.411" /><testcase classname="backend.tests.test_fii_feature.TestFiiDataForDate" name="test_data_for_date_is_string" time="0.000" /><testcase classname="backend.tests.test_fii_feature.TestFiiDataForDate" name="test_data_for_date_format" time="0.000" /><testcase classname="backend.tests.test_fii_feature.TestFiiDataForDate" name="test_data_for_date_ist_logic" time="0.001" /><testcase classname="backend.tests.test_fii_feature.TestFiiAvailability" name="test_availability_key_exists" time="0.000" /><testcase classname="backend.tests.test_fii_feature.TestFiiAvailability" name="test_availability_is_dict" time="0.000" /><testcase classname="backend.tests.test_fii_feature.TestFiiAvailability" name="test_availability_has_status" time="0.000" /><testcase classname="backend.tests.test_fii_feature.TestFiiAvailability" name="test_availability_has_message" time="0.000" /><testcase classname="backend.tests.test_fii_feature.TestFiiAvailability" name="test_availability_has_show_timer" time="0.000" /><testcase classname="backend.tests.test_fii_feature.TestFiiAvailability" name="test_availability_status_valid_values" time="0.000" /><testcase classname="backend.tests.test_fii_feature.TestFiiAvailability" name="test_availability_status_matches_ist_time" time="0.000" /><testcase classname="backend.tests.test_fii_feature.TestFiiAvailability" name="test_pre_release_has_mins_to_release" time="0.000" /><testcase classname="backend.tests.test_fii_feature.TestFiiAvailability" name="test_released_show_timer_false" time="0.000" /><testcase classname="backend.tests.test_fii_feature.TestFiiAvailability" name="test_pre_release_show_timer_true" time="0.000" /><testcase classname="backend.tests.test_fii_feature.TestFiiSource" name="test_source_key_exists" time="0.000" /><testcase classname="backend.tests.test_fii_feature.TestFiiSource" name="test_source_is_valid_value" time="0.000" /><testcase classname="backend.tests.test_fii_feature.TestFiiSource" name="test_unavailable_source_has_nse_url" time="0.000" /><testcase classname="backend.tests.test_fii_feature.TestFiiSource" name="test_nse_archive_source_has_fii_data" time="0.000" /><testcase classname="backend.tests.test_fii_feature.TestFiiSource" name="test_mongodb_cache_source_has_fii_data" time="0.000" /><testcase classname="backend.tests.test_fii_feature.TestFiiNseUrl" name="test_nse_url_is_correct_if_present" time="0.000" /><testcase classname="backend.tests.test_fii_feature.TestFiiResponseCompleteness" name="test_both_availability_and_data_for_date_always_present" time="0.000" /><testcase classname="backend.tests.test_fii_feature.TestFiiResponseCompleteness" name="test_no_generic_old_message" time="0.000" /><testcase classname="backend.tests.test_fii_feature.TestFiiResponseCompleteness" name="test_refresh_returns_same_structure" time="0.944" /></testsuite></testsuites>